{"/Users/jonnykang/dev/agora/agora/App.js": {"path":"/Users/jonnykang/dev/agora/agora/App.js","statementMap":{"0":{"start":{"line":16,"column":21},"end":{"line":21,"column":2}},"1":{"start":{"line":25,"column":4},"end":{"line":25,"column":17}},"2":{"start":{"line":26,"column":4},"end":{"line":28,"column":6}},"3":{"start":{"line":32,"column":4},"end":{"line":49,"column":6}},"4":{"start":{"line":53,"column":4},"end":{"line":55,"column":6}},"5":{"start":{"line":59,"column":15},"end":{"line":76,"column":2}}},"fnMap":{"0":{"name":"(anonymous_0)","decl":{"start":{"line":24,"column":2},"end":{"line":24,"column":3}},"loc":{"start":{"line":24,"column":21},"end":{"line":29,"column":3}},"line":24},"1":{"name":"(anonymous_1)","decl":{"start":{"line":31,"column":2},"end":{"line":31,"column":3}},"loc":{"start":{"line":31,"column":11},"end":{"line":50,"column":3}},"line":31},"2":{"name":"(anonymous_2)","decl":{"start":{"line":52,"column":18},"end":{"line":52,"column":19}},"loc":{"start":{"line":52,"column":24},"end":{"line":56,"column":3}},"line":52}},"branchMap":{"0":{"loc":{"start":{"line":43,"column":10},"end":{"line":46,"column":17}},"type":"binary-expr","locations":[{"start":{"line":43,"column":10},"end":{"line":43,"column":29}},{"start":{"line":44,"column":10},"end":{"line":46,"column":17}}],"line":43}},"s":{"0":1,"1":1,"2":1,"3":1,"4":0,"5":1},"f":{"0":1,"1":1,"2":0},"b":{"0":[1,0]},"_coverageSchema":"332fd63041d2c1bcb487cc26dd0d5f7d97098a6c","hash":"31f68b48868fcd6944d506e9df64783a20f625a2"}
,"/Users/jonnykang/dev/agora/agora/components/Intro.js": {"path":"/Users/jonnykang/dev/agora/agora/components/Intro.js","statementMap":{"0":{"start":{"line":8,"column":15},"end":{"line":25,"column":2}},"1":{"start":{"line":27,"column":19},"end":{"line":29,"column":1}},"2":{"start":{"line":28,"column":2},"end":{"line":28,"column":15}},"3":{"start":{"line":33,"column":4},"end":{"line":42,"column":6}}},"fnMap":{"0":{"name":"(anonymous_0)","decl":{"start":{"line":27,"column":19},"end":{"line":27,"column":20}},"loc":{"start":{"line":27,"column":28},"end":{"line":29,"column":1}},"line":27},"1":{"name":"(anonymous_1)","decl":{"start":{"line":32,"column":2},"end":{"line":32,"column":3}},"loc":{"start":{"line":32,"column":11},"end":{"line":43,"column":3}},"line":32}},"branchMap":{},"s":{"0":1,"1":1,"2":1,"3":1},"f":{"0":1,"1":1},"b":{},"_coverageSchema":"332fd63041d2c1bcb487cc26dd0d5f7d97098a6c","hash":"f98112a4b97039a49157133dcc88899bc02e7ead"}
}
