TN:
SF:/Users/jonnykang/dev/agora/agora/App.js
FN:24,(anonymous_0)
FN:31,(anonymous_1)
FN:52,(anonymous_2)
FNF:3
FNH:2
FNDA:1,(anonymous_0)
FNDA:1,(anonymous_1)
FNDA:0,(anonymous_2)
DA:16,1
DA:25,1
DA:26,1
DA:32,1
DA:53,0
DA:59,1
LF:6
LH:5
BRDA:43,0,0,1
BRDA:43,0,1,0
BRF:2
BRH:1
end_of_record
TN:
SF:/Users/jonnykang/dev/agora/agora/components/Intro.js
FN:27,(anonymous_0)
FN:32,(anonymous_1)
FNF:2
FNH:2
FNDA:1,(anonymous_0)
FNDA:1,(anonymous_1)
DA:8,1
DA:27,1
DA:28,1
DA:33,1
LF:4
LH:4
BRF:0
BRH:0
end_of_record
